<?xml version="1.0" encoding="UTF-8"?>
<testsuite name="co.there4.hexagon.BenchmarkTest" tests="168" skipped="0" failures="0" errors="0" timestamp="2016-05-10T17:58:39" hostname="TFB-all" time="3.656">
  <properties/>
  <testcase name="empty_query_parameter" classname="co.there4.hexagon.BenchmarkTest" time="0.018"/>
  <testcase name="empty_query_parameter" classname="co.there4.hexagon.BenchmarkTest" time="0.034"/>
  <testcase name="empty_query_parameter" classname="co.there4.hexagon.BenchmarkTest" time="0.022"/>
  <testcase name="empty_query_parameter" classname="co.there4.hexagon.BenchmarkTest" time="0.044"/>
  <testcase name="empty_query_parameter" classname="co.there4.hexagon.BenchmarkTest" time="0.047"/>
  <testcase name="empty_query_parameter" classname="co.there4.hexagon.BenchmarkTest" time="0.015"/>
  <testcase name="empty_query_parameter" classname="co.there4.hexagon.BenchmarkTest" time="0.014"/>
  <testcase name="empty_query_parameter" classname="co.there4.hexagon.BenchmarkTest" time="0.019"/>
  <testcase name="empty_updates_parameter" classname="co.there4.hexagon.BenchmarkTest" time="0.006"/>
  <testcase name="empty_updates_parameter" classname="co.there4.hexagon.BenchmarkTest" time="0.009"/>
  <testcase name="empty_updates_parameter" classname="co.there4.hexagon.BenchmarkTest" time="0.012"/>
  <testcase name="empty_updates_parameter" classname="co.there4.hexagon.BenchmarkTest" time="0.024"/>
  <testcase name="empty_updates_parameter" classname="co.there4.hexagon.BenchmarkTest" time="0.004"/>
  <testcase name="empty_updates_parameter" classname="co.there4.hexagon.BenchmarkTest" time="0.022"/>
  <testcase name="empty_updates_parameter" classname="co.there4.hexagon.BenchmarkTest" time="0.01"/>
  <testcase name="empty_updates_parameter" classname="co.there4.hexagon.BenchmarkTest" time="0.006"/>
  <testcase name="five_hundred_queries" classname="co.there4.hexagon.BenchmarkTest" time="0.216"/>
  <testcase name="five_hundred_queries" classname="co.there4.hexagon.BenchmarkTest" time="0.218"/>
  <testcase name="five_hundred_queries" classname="co.there4.hexagon.BenchmarkTest" time="0.265"/>
  <testcase name="five_hundred_queries" classname="co.there4.hexagon.BenchmarkTest" time="0.411"/>
  <testcase name="five_hundred_queries" classname="co.there4.hexagon.BenchmarkTest" time="0.185"/>
  <testcase name="five_hundred_queries" classname="co.there4.hexagon.BenchmarkTest" time="0.258"/>
  <testcase name="five_hundred_queries" classname="co.there4.hexagon.BenchmarkTest" time="0.314"/>
  <testcase name="five_hundred_queries" classname="co.there4.hexagon.BenchmarkTest" time="0.199"/>
  <testcase name="five_hundred_updates" classname="co.there4.hexagon.BenchmarkTest" time="0.269"/>
  <testcase name="five_hundred_updates" classname="co.there4.hexagon.BenchmarkTest" time="0.262"/>
  <testcase name="five_hundred_updates" classname="co.there4.hexagon.BenchmarkTest" time="0.293"/>
  <testcase name="five_hundred_updates" classname="co.there4.hexagon.BenchmarkTest" time="0.52"/>
  <testcase name="five_hundred_updates" classname="co.there4.hexagon.BenchmarkTest" time="0.257"/>
  <testcase name="five_hundred_updates" classname="co.there4.hexagon.BenchmarkTest" time="0.286"/>
  <testcase name="five_hundred_updates" classname="co.there4.hexagon.BenchmarkTest" time="0.406"/>
  <testcase name="five_hundred_updates" classname="co.there4.hexagon.BenchmarkTest" time="0.277"/>
  <testcase name="fortunes" classname="co.there4.hexagon.BenchmarkTest" time="0.007"/>
  <testcase name="fortunes" classname="co.there4.hexagon.BenchmarkTest" time="0.02"/>
  <testcase name="fortunes" classname="co.there4.hexagon.BenchmarkTest" time="0.015"/>
  <testcase name="fortunes" classname="co.there4.hexagon.BenchmarkTest" time="0.007"/>
  <testcase name="fortunes" classname="co.there4.hexagon.BenchmarkTest" time="0.023"/>
  <testcase name="fortunes" classname="co.there4.hexagon.BenchmarkTest" time="0.005"/>
  <testcase name="fortunes" classname="co.there4.hexagon.BenchmarkTest" time="0.01"/>
  <testcase name="fortunes" classname="co.there4.hexagon.BenchmarkTest" time="0.003"/>
  <testcase name="json" classname="co.there4.hexagon.BenchmarkTest" time="0.007"/>
  <testcase name="json" classname="co.there4.hexagon.BenchmarkTest" time="0.002"/>
  <testcase name="json" classname="co.there4.hexagon.BenchmarkTest" time="0.004"/>
  <testcase name="json" classname="co.there4.hexagon.BenchmarkTest" time="0.006"/>
  <testcase name="json" classname="co.there4.hexagon.BenchmarkTest" time="0.007"/>
  <testcase name="json" classname="co.there4.hexagon.BenchmarkTest" time="0.004"/>
  <testcase name="json" classname="co.there4.hexagon.BenchmarkTest" time="0.005"/>
  <testcase name="json" classname="co.there4.hexagon.BenchmarkTest" time="0.003"/>
  <testcase name="no_query_parameter" classname="co.there4.hexagon.BenchmarkTest" time="0.004"/>
  <testcase name="no_query_parameter" classname="co.there4.hexagon.BenchmarkTest" time="0.004"/>
  <testcase name="no_query_parameter" classname="co.there4.hexagon.BenchmarkTest" time="0.002"/>
  <testcase name="no_query_parameter" classname="co.there4.hexagon.BenchmarkTest" time="0.004"/>
  <testcase name="no_query_parameter" classname="co.there4.hexagon.BenchmarkTest" time="0.007"/>
  <testcase name="no_query_parameter" classname="co.there4.hexagon.BenchmarkTest" time="0.009"/>
  <testcase name="no_query_parameter" classname="co.there4.hexagon.BenchmarkTest" time="0.004"/>
  <testcase name="no_query_parameter" classname="co.there4.hexagon.BenchmarkTest" time="0.006"/>
  <testcase name="no_updates_parameter" classname="co.there4.hexagon.BenchmarkTest" time="0.004"/>
  <testcase name="no_updates_parameter" classname="co.there4.hexagon.BenchmarkTest" time="0.002"/>
  <testcase name="no_updates_parameter" classname="co.there4.hexagon.BenchmarkTest" time="0.009"/>
  <testcase name="no_updates_parameter" classname="co.there4.hexagon.BenchmarkTest" time="0.004"/>
  <testcase name="no_updates_parameter" classname="co.there4.hexagon.BenchmarkTest" time="0.005"/>
  <testcase name="no_updates_parameter" classname="co.there4.hexagon.BenchmarkTest" time="0.012"/>
  <testcase name="no_updates_parameter" classname="co.there4.hexagon.BenchmarkTest" time="0.011"/>
  <testcase name="no_updates_parameter" classname="co.there4.hexagon.BenchmarkTest" time="0.005"/>
  <testcase name="one_hundred_queries" classname="co.there4.hexagon.BenchmarkTest" time="0.045"/>
  <testcase name="one_hundred_queries" classname="co.there4.hexagon.BenchmarkTest" time="0.043"/>
  <testcase name="one_hundred_queries" classname="co.there4.hexagon.BenchmarkTest" time="0.049"/>
  <testcase name="one_hundred_queries" classname="co.there4.hexagon.BenchmarkTest" time="0.051"/>
  <testcase name="one_hundred_queries" classname="co.there4.hexagon.BenchmarkTest" time="0.056"/>
  <testcase name="one_hundred_queries" classname="co.there4.hexagon.BenchmarkTest" time="0.109"/>
  <testcase name="one_hundred_queries" classname="co.there4.hexagon.BenchmarkTest" time="0.096"/>
  <testcase name="one_hundred_queries" classname="co.there4.hexagon.BenchmarkTest" time="0.041"/>
  <testcase name="one_hundred_updates" classname="co.there4.hexagon.BenchmarkTest" time="0.055"/>
  <testcase name="one_hundred_updates" classname="co.there4.hexagon.BenchmarkTest" time="0.037"/>
  <testcase name="one_hundred_updates" classname="co.there4.hexagon.BenchmarkTest" time="0.044"/>
  <testcase name="one_hundred_updates" classname="co.there4.hexagon.BenchmarkTest" time="0.041"/>
  <testcase name="one_hundred_updates" classname="co.there4.hexagon.BenchmarkTest" time="0.083"/>
  <testcase name="one_hundred_updates" classname="co.there4.hexagon.BenchmarkTest" time="0.074"/>
  <testcase name="one_hundred_updates" classname="co.there4.hexagon.BenchmarkTest" time="0.115"/>
  <testcase name="one_hundred_updates" classname="co.there4.hexagon.BenchmarkTest" time="0.062"/>
  <testcase name="one_query" classname="co.there4.hexagon.BenchmarkTest" time="0.005"/>
  <testcase name="one_query" classname="co.there4.hexagon.BenchmarkTest" time="0.006"/>
  <testcase name="one_query" classname="co.there4.hexagon.BenchmarkTest" time="0.009"/>
  <testcase name="one_query" classname="co.there4.hexagon.BenchmarkTest" time="0.004"/>
  <testcase name="one_query" classname="co.there4.hexagon.BenchmarkTest" time="0.009"/>
  <testcase name="one_query" classname="co.there4.hexagon.BenchmarkTest" time="0.006"/>
  <testcase name="one_query" classname="co.there4.hexagon.BenchmarkTest" time="0.005"/>
  <testcase name="one_query" classname="co.there4.hexagon.BenchmarkTest" time="0.009"/>
  <testcase name="one_thousand_queries" classname="co.there4.hexagon.BenchmarkTest" time="0.189"/>
  <testcase name="one_thousand_queries" classname="co.there4.hexagon.BenchmarkTest" time="0.219"/>
  <testcase name="one_thousand_queries" classname="co.there4.hexagon.BenchmarkTest" time="0.213"/>
  <testcase name="one_thousand_queries" classname="co.there4.hexagon.BenchmarkTest" time="0.194"/>
  <testcase name="one_thousand_queries" classname="co.there4.hexagon.BenchmarkTest" time="0.195"/>
  <testcase name="one_thousand_queries" classname="co.there4.hexagon.BenchmarkTest" time="0.466"/>
  <testcase name="one_thousand_queries" classname="co.there4.hexagon.BenchmarkTest" time="0.117"/>
  <testcase name="one_thousand_queries" classname="co.there4.hexagon.BenchmarkTest" time="0.357"/>
  <testcase name="one_thousand_updates" classname="co.there4.hexagon.BenchmarkTest" time="0.274"/>
  <testcase name="one_thousand_updates" classname="co.there4.hexagon.BenchmarkTest" time="0.287"/>
  <testcase name="one_thousand_updates" classname="co.there4.hexagon.BenchmarkTest" time="0.283"/>
  <testcase name="one_thousand_updates" classname="co.there4.hexagon.BenchmarkTest" time="0.223"/>
  <testcase name="one_thousand_updates" classname="co.there4.hexagon.BenchmarkTest" time="0.232"/>
  <testcase name="one_thousand_updates" classname="co.there4.hexagon.BenchmarkTest" time="0.52"/>
  <testcase name="one_thousand_updates" classname="co.there4.hexagon.BenchmarkTest" time="0.348"/>
  <testcase name="one_thousand_updates" classname="co.there4.hexagon.BenchmarkTest" time="0.128"/>
  <testcase name="one_update" classname="co.there4.hexagon.BenchmarkTest" time="0.007"/>
  <testcase name="one_update" classname="co.there4.hexagon.BenchmarkTest" time="0.004"/>
  <testcase name="one_update" classname="co.there4.hexagon.BenchmarkTest" time="0.014"/>
  <testcase name="one_update" classname="co.there4.hexagon.BenchmarkTest" time="0.003"/>
  <testcase name="one_update" classname="co.there4.hexagon.BenchmarkTest" time="0.009"/>
  <testcase name="one_update" classname="co.there4.hexagon.BenchmarkTest" time="0.01"/>
  <testcase name="one_update" classname="co.there4.hexagon.BenchmarkTest" time="0.029"/>
  <testcase name="one_update" classname="co.there4.hexagon.BenchmarkTest" time="0.04"/>
  <testcase name="plaintext" classname="co.there4.hexagon.BenchmarkTest" time="0.004"/>
  <testcase name="plaintext" classname="co.there4.hexagon.BenchmarkTest" time="0.007"/>
  <testcase name="plaintext" classname="co.there4.hexagon.BenchmarkTest" time="0.005"/>
  <testcase name="plaintext" classname="co.there4.hexagon.BenchmarkTest" time="0.014"/>
  <testcase name="plaintext" classname="co.there4.hexagon.BenchmarkTest" time="0.007"/>
  <testcase name="plaintext" classname="co.there4.hexagon.BenchmarkTest" time="0.002"/>
  <testcase name="plaintext" classname="co.there4.hexagon.BenchmarkTest" time="0.009"/>
  <testcase name="plaintext" classname="co.there4.hexagon.BenchmarkTest" time="0.005"/>
  <testcase name="ten_queries" classname="co.there4.hexagon.BenchmarkTest" time="0.004"/>
  <testcase name="ten_queries" classname="co.there4.hexagon.BenchmarkTest" time="0.009"/>
  <testcase name="ten_queries" classname="co.there4.hexagon.BenchmarkTest" time="0.015"/>
  <testcase name="ten_queries" classname="co.there4.hexagon.BenchmarkTest" time="0.009"/>
  <testcase name="ten_queries" classname="co.there4.hexagon.BenchmarkTest" time="0.007"/>
  <testcase name="ten_queries" classname="co.there4.hexagon.BenchmarkTest" time="0.028"/>
  <testcase name="ten_queries" classname="co.there4.hexagon.BenchmarkTest" time="0.009"/>
  <testcase name="ten_queries" classname="co.there4.hexagon.BenchmarkTest" time="0.027"/>
  <testcase name="ten_updates" classname="co.there4.hexagon.BenchmarkTest" time="0.011"/>
  <testcase name="ten_updates" classname="co.there4.hexagon.BenchmarkTest" time="0.016"/>
  <testcase name="ten_updates" classname="co.there4.hexagon.BenchmarkTest" time="0.005"/>
  <testcase name="ten_updates" classname="co.there4.hexagon.BenchmarkTest" time="0.026"/>
  <testcase name="ten_updates" classname="co.there4.hexagon.BenchmarkTest" time="0.02"/>
  <testcase name="ten_updates" classname="co.there4.hexagon.BenchmarkTest" time="0.013"/>
  <testcase name="ten_updates" classname="co.there4.hexagon.BenchmarkTest" time="0.018"/>
  <testcase name="ten_updates" classname="co.there4.hexagon.BenchmarkTest" time="0.015"/>
  <testcase name="text_query_parameter" classname="co.there4.hexagon.BenchmarkTest" time="0.013"/>
  <testcase name="text_query_parameter" classname="co.there4.hexagon.BenchmarkTest" time="0.004"/>
  <testcase name="text_query_parameter" classname="co.there4.hexagon.BenchmarkTest" time="0.008"/>
  <testcase name="text_query_parameter" classname="co.there4.hexagon.BenchmarkTest" time="0.004"/>
  <testcase name="text_query_parameter" classname="co.there4.hexagon.BenchmarkTest" time="0.004"/>
  <testcase name="text_query_parameter" classname="co.there4.hexagon.BenchmarkTest" time="0.007"/>
  <testcase name="text_query_parameter" classname="co.there4.hexagon.BenchmarkTest" time="0.011"/>
  <testcase name="text_query_parameter" classname="co.there4.hexagon.BenchmarkTest" time="0.007"/>
  <testcase name="text_updates_parameter" classname="co.there4.hexagon.BenchmarkTest" time="0.004"/>
  <testcase name="text_updates_parameter" classname="co.there4.hexagon.BenchmarkTest" time="0.008"/>
  <testcase name="text_updates_parameter" classname="co.there4.hexagon.BenchmarkTest" time="0.004"/>
  <testcase name="text_updates_parameter" classname="co.there4.hexagon.BenchmarkTest" time="0.004"/>
  <testcase name="text_updates_parameter" classname="co.there4.hexagon.BenchmarkTest" time="0.003"/>
  <testcase name="text_updates_parameter" classname="co.there4.hexagon.BenchmarkTest" time="0.011"/>
  <testcase name="text_updates_parameter" classname="co.there4.hexagon.BenchmarkTest" time="0.004"/>
  <testcase name="text_updates_parameter" classname="co.there4.hexagon.BenchmarkTest" time="0.023"/>
  <testcase name="zero_queries" classname="co.there4.hexagon.BenchmarkTest" time="0.004"/>
  <testcase name="zero_queries" classname="co.there4.hexagon.BenchmarkTest" time="0.003"/>
  <testcase name="zero_queries" classname="co.there4.hexagon.BenchmarkTest" time="0.003"/>
  <testcase name="zero_queries" classname="co.there4.hexagon.BenchmarkTest" time="0.002"/>
  <testcase name="zero_queries" classname="co.there4.hexagon.BenchmarkTest" time="0.01"/>
  <testcase name="zero_queries" classname="co.there4.hexagon.BenchmarkTest" time="0.011"/>
  <testcase name="zero_queries" classname="co.there4.hexagon.BenchmarkTest" time="0.013"/>
  <testcase name="zero_queries" classname="co.there4.hexagon.BenchmarkTest" time="0.009"/>
  <testcase name="zero_updates" classname="co.there4.hexagon.BenchmarkTest" time="0.004"/>
  <testcase name="zero_updates" classname="co.there4.hexagon.BenchmarkTest" time="0.004"/>
  <testcase name="zero_updates" classname="co.there4.hexagon.BenchmarkTest" time="0.004"/>
  <testcase name="zero_updates" classname="co.there4.hexagon.BenchmarkTest" time="0.002"/>
  <testcase name="zero_updates" classname="co.there4.hexagon.BenchmarkTest" time="0.003"/>
  <testcase name="zero_updates" classname="co.there4.hexagon.BenchmarkTest" time="0.005"/>
  <testcase name="zero_updates" classname="co.there4.hexagon.BenchmarkTest" time="0.008"/>
  <testcase name="zero_updates" classname="co.there4.hexagon.BenchmarkTest" time="0.003"/>
  <system-out><![CDATA[]]></system-out>
  <system-err><![CDATA[]]></system-err>
</testsuite>
